<?xml version="1.0" encoding="UTF-8"?>
<testng-results ignored="2" total="4" passed="1" failed="1" skipped="0">
  <reporter-output>
  </reporter-output>
  <suite started-at="2023-03-16T22:45:36 IST" name="Suite" finished-at="2023-03-16T22:47:49 IST" duration-ms="133769">
    <groups>
    </groups>
    <test started-at="2023-03-16T22:45:36 IST" name="edge" finished-at="2023-03-16T22:47:49 IST" duration-ms="133769">
      <class name="testClassPackage.BaseClass">
        <test-method is-config="true" signature="beforeTest(java.lang.String)[pri:0, instance:testClassPackage.BaseClass@76505305]" started-at="2023-03-16T22:45:36 IST" name="beforeTest" finished-at="2023-03-16T22:47:31 IST" duration-ms="115382" status="PASS">
          <params>
            <param index="0">
              <value>
                <![CDATA[edge]]>
              </value>
            </param>
          </params>
          <reporter-output>
          </reporter-output>
        </test-method> <!-- beforeTest -->
        <test-method is-config="true" signature="afterTest()[pri:0, instance:testClassPackage.BaseClass@76505305]" started-at="2023-03-16T22:47:49 IST" name="afterTest" finished-at="2023-03-16T22:47:49 IST" duration-ms="3" status="PASS">
          <reporter-output>
          </reporter-output>
        </test-method> <!-- afterTest -->
      </class> <!-- testClassPackage.BaseClass -->
      <class name="testClassPackage.TestClassTNG2">
        <test-method is-config="true" signature="beforeClass()[pri:0, instance:testClassPackage.TestClassTNG2@2b71e916]" started-at="2023-03-16T22:47:31 IST" name="beforeClass" finished-at="2023-03-16T22:47:32 IST" duration-ms="240" status="PASS">
          <reporter-output>
          </reporter-output>
        </test-method> <!-- beforeClass -->
        <test-method is-config="true" signature="beforeMethod()[pri:0, instance:testClassPackage.TestClassTNG2@2b71e916]" started-at="2023-03-16T22:47:32 IST" name="beforeMethod" finished-at="2023-03-16T22:47:32 IST" duration-ms="11" status="PASS">
          <reporter-output>
          </reporter-output>
        </test-method> <!-- beforeMethod -->
        <test-method signature="VerifyLoginFunctionalityWithCorrectData()[pri:0, instance:testClassPackage.TestClassTNG2@2b71e916]" started-at="2023-03-16T22:47:32 IST" name="VerifyLoginFunctionalityWithCorrectData" finished-at="2023-03-16T22:47:41 IST" duration-ms="9387" status="PASS">
          <reporter-output>
          </reporter-output>
        </test-method> <!-- VerifyLoginFunctionalityWithCorrectData -->
        <test-method is-config="true" signature="aftermethod(org.testng.ITestResult)[pri:0, instance:testClassPackage.TestClassTNG2@2b71e916]" started-at="2023-03-16T22:47:41 IST" name="aftermethod" finished-at="2023-03-16T22:47:41 IST" duration-ms="5" status="PASS">
          <params>
            <param index="0">
              <value>
                <![CDATA[[TestResult name=VerifyLoginFunctionalityWithCorrectData status=SUCCESS method=TestClassTNG2.VerifyLoginFunctionalityWithCorrectData()[pri:0, instance:testClassPackage.TestClassTNG2@2b71e916] output={null}]]]>
              </value>
            </param>
          </params>
          <reporter-output>
          </reporter-output>
        </test-method> <!-- aftermethod -->
        <test-method is-config="true" signature="beforeMethod()[pri:0, instance:testClassPackage.TestClassTNG2@2b71e916]" started-at="2023-03-16T22:47:41 IST" name="beforeMethod" finished-at="2023-03-16T22:47:41 IST" duration-ms="2" status="PASS">
          <reporter-output>
          </reporter-output>
        </test-method> <!-- beforeMethod -->
        <test-method signature="wrongUserNamePassword()[pri:0, instance:testClassPackage.TestClassTNG2@2b71e916]" started-at="2023-03-16T22:47:41 IST" name="wrongUserNamePassword" finished-at="2023-03-16T22:47:41 IST" duration-ms="13" status="FAIL">
          <exception class="java.lang.AssertionError">
            <message>
              <![CDATA[null]]>
            </message>
            <full-stacktrace>
              <![CDATA[java.lang.AssertionError: null
at org.testng.Assert.fail(Assert.java:110)
at org.testng.Assert.fail(Assert.java:115)
at testClassPackage.TestClassTNG2.wrongUserNamePassword(TestClassTNG2.java:51)
at java.base/jdk.internal.reflect.DirectMethodHandleAccessor.invoke(DirectMethodHandleAccessor.java:104)
at java.base/java.lang.reflect.Method.invoke(Method.java:578)
at org.testng.internal.invokers.MethodInvocationHelper.invokeMethod(MethodInvocationHelper.java:139)
at org.testng.internal.invokers.TestInvoker.invokeMethod(TestInvoker.java:677)
at org.testng.internal.invokers.TestInvoker.invokeTestMethod(TestInvoker.java:221)
at org.testng.internal.invokers.MethodRunner.runInSequence(MethodRunner.java:50)
at org.testng.internal.invokers.TestInvoker$MethodInvocationAgent.invoke(TestInvoker.java:969)
at org.testng.internal.invokers.TestInvoker.invokeTestMethods(TestInvoker.java:194)
at org.testng.internal.invokers.TestMethodWorker.invokeTestMethods(TestMethodWorker.java:148)
at org.testng.internal.invokers.TestMethodWorker.run(TestMethodWorker.java:128)
at java.base/java.util.ArrayList.forEach(ArrayList.java:1511)
at org.testng.TestRunner.privateRun(TestRunner.java:829)
at org.testng.TestRunner.run(TestRunner.java:602)
at org.testng.SuiteRunner.runTest(SuiteRunner.java:437)
at org.testng.SuiteRunner.runSequentially(SuiteRunner.java:431)
at org.testng.SuiteRunner.privateRun(SuiteRunner.java:391)
at org.testng.SuiteRunner.run(SuiteRunner.java:330)
at org.testng.SuiteRunnerWorker.runSuite(SuiteRunnerWorker.java:52)
at org.testng.SuiteRunnerWorker.run(SuiteRunnerWorker.java:95)
at org.testng.TestNG.runSuitesSequentially(TestNG.java:1256)
at org.testng.TestNG.runSuitesLocally(TestNG.java:1176)
at org.testng.TestNG.runSuites(TestNG.java:1099)
at org.testng.TestNG.run(TestNG.java:1067)
at org.testng.remote.AbstractRemoteTestNG.run(AbstractRemoteTestNG.java:115)
at org.testng.remote.RemoteTestNG.initAndRun(RemoteTestNG.java:251)
at org.testng.remote.RemoteTestNG.main(RemoteTestNG.java:77)
]]>
            </full-stacktrace>
          </exception> <!-- java.lang.AssertionError -->
          <reporter-output>
          </reporter-output>
        </test-method> <!-- wrongUserNamePassword -->
        <test-method is-config="true" signature="aftermethod(org.testng.ITestResult)[pri:0, instance:testClassPackage.TestClassTNG2@2b71e916]" started-at="2023-03-16T22:47:41 IST" name="aftermethod" finished-at="2023-03-16T22:47:49 IST" duration-ms="8254" status="PASS">
          <params>
            <param index="0">
              <value>
                <![CDATA[[TestResult name=wrongUserNamePassword status=FAILURE method=TestClassTNG2.wrongUserNamePassword()[pri:0, instance:testClassPackage.TestClassTNG2@2b71e916] output={null}]]]>
              </value>
            </param>
          </params>
          <reporter-output>
          </reporter-output>
        </test-method> <!-- aftermethod -->
        <test-method is-config="true" signature="afterClass()[pri:0, instance:testClassPackage.TestClassTNG2@2b71e916]" started-at="2023-03-16T22:47:49 IST" name="afterClass" finished-at="2023-03-16T22:47:49 IST" duration-ms="11" status="PASS">
          <reporter-output>
          </reporter-output>
        </test-method> <!-- afterClass -->
      </class> <!-- testClassPackage.TestClassTNG2 -->
    </test> <!-- edge -->
  </suite> <!-- Suite -->
</testng-results>
